0 info it worked if it ends with ok
1 verbose cli [ 'node', '/usr/local/bin/npm', 'start' ]
2 info using npm@1.1.35
3 info using node@v0.8.1
4 verbose node symlink /usr/local/bin/node
5 verbose config file /Users/mehfuz/.npmrc
6 verbose config file /usr/local/etc/npmrc
7 verbose config file /usr/local/lib/node_modules/npm/npmrc
8 verbose read json /Users/mehfuz/Source/lighter/package.json
9 verbose run-script [ 'prestart', 'start', 'poststart' ]
10 info prestart lighter-blog-engine@0.0.1
11 info start lighter-blog-engine@0.0.1
12 verbose unsafe-perm in lifecycle true
13 silly exec sh "-c" "node server.js"
14 silly sh,-c,node server.js,/Users/mehfuz/Source/lighter spawning
15 info lighter-blog-engine@0.0.1 Failed to exec start script
16 error lighter-blog-engine@0.0.1 start: `node server.js`
16 error `sh "-c" "node server.js"` failed with 1
17 error Failed at the lighter-blog-engine@0.0.1 start script.
17 error This is most likely a problem with the lighter-blog-engine package,
17 error not with npm itself.
17 error Tell the author that this fails on your system:
17 error     node server.js
17 error You can get their info via:
17 error     npm owner ls lighter-blog-engine
17 error There is likely additional logging output above.
18 error System Darwin 12.0.0
19 error command "node" "/usr/local/bin/npm" "start"
20 error cwd /Users/mehfuz/Source/lighter
21 error node -v v0.8.1
22 error npm -v 1.1.35
23 error code ELIFECYCLE
24 error message lighter-blog-engine@0.0.1 start: `node server.js`
24 error message `sh "-c" "node server.js"` failed with 1
25 verbose exit [ 1, true ]
